<?xml version="1.0" encoding="UTF-8"?>
<testng-results ignored="0" total="2" passed="2" failed="0" skipped="0">
  <reporter-output>
  </reporter-output>
  <suite started-at="2025-12-26T15:18:46 IST" name="shoppiing" finished-at="2025-12-26T15:18:59 IST" duration-ms="13141">
    <groups>
    </groups>
    <test started-at="2025-12-26T15:18:46 IST" name="com.shoppiing.testcase" finished-at="2025-12-26T15:18:59 IST" duration-ms="13141">
      <class name="com.shoppiing.testcase.LoginTestCase">
        <test-method is-config="true" signature="setUp()[pri:0, instance:com.shoppiing.testcase.LoginTestCase@70325e14]" started-at="2025-12-26T15:18:47 IST" name="setUp" finished-at="2025-12-26T15:18:52 IST" duration-ms="5707" status="PASS">
          <reporter-output>
          </reporter-output>
        </test-method> <!-- setUp -->
        <test-method signature="login()[pri:0, instance:com.shoppiing.testcase.LoginTestCase@70325e14]" started-at="2025-12-26T15:18:53 IST" name="login" finished-at="2025-12-26T15:18:57 IST" duration-ms="4091" status="PASS">
          <reporter-output>
          </reporter-output>
        </test-method> <!-- login -->
        <test-method signature="logout()[pri:0, instance:com.shoppiing.testcase.LoginTestCase@70325e14]" started-at="2025-12-26T15:18:57 IST" name="logout" finished-at="2025-12-26T15:18:59 IST" duration-ms="2808" status="PASS">
          <reporter-output>
          </reporter-output>
        </test-method> <!-- logout -->
      </class> <!-- com.shoppiing.testcase.LoginTestCase -->
    </test> <!-- com.shoppiing.testcase -->
  </suite> <!-- shoppiing -->
</testng-results>
