<?xml version="1.0" encoding="UTF-8"?>
<!-- Generated by org.testng.reporters.JUnitReportReporter -->
<testsuite hostname="Pranav" failures="0" tests="2" name="com.shoppiing.testcase.LoginTestCase" time="6.899" errors="0" timestamp="2025-12-26T15:19:01 IST" skipped="0">
  <testcase classname="com.shoppiing.testcase.LoginTestCase" name="login" time="4.091"/>
  <testcase classname="com.shoppiing.testcase.LoginTestCase" name="logout" time="2.808"/>
</testsuite> <!-- com.shoppiing.testcase.LoginTestCase -->
